<?xml version="1.0" encoding="UTF-8"?>
<testsuite xmlns:xsi="http://www.w3.org/2001/XMLSchema-instance" xsi:noNamespaceSchemaLocation="https://maven.apache.org/surefire/maven-surefire-plugin/xsd/surefire-test-report.xsd" name="testRunner.TestRunner" time="0.661" tests="1" errors="1" skipped="0" failures="0">
  <properties>
[...]
</properties>
  <testcase name="Search an item in category" classname="Ebay Home Page Scenarios" time="0.134">
    <error message="Cannot invoke &quot;org.openqa.selenium.WebDriver.get(String)&quot; because &quot;this.driver&quot; is null" type="java.lang.NullPointerException">java.lang.NullPointerException: Cannot invoke "org.openqa.selenium.WebDriver.get(String)" because "this.driver" is null
</error>
    <system-out><![CDATA[
@P7
Scenario: Search an item in category          # features/Ebay_home.feature:10
  Given I am on Ebay Home Page                # steps.EbayHome_steps.i_am_on_ebay_home_page()
      java.lang.NullPointerException: Cannot invoke "org.openqa.selenium.WebDriver.get(String)" because "this.driver" is null
	at steps.EbayHome_steps.i_am_on_ebay_home_page(EbayHome_steps.java:25)
	at âœ½.I am on Ebay Home Page(file:///C:/Users/shubh/git/SeleniumBDDCucumber/SeleniumBDDCucumber/features/Ebay_home.feature:11)

  When I search for 'Soap' in 'baby' category
]]></system-out>
  </testcase>
</testsuite>